Platform = amd64

                           Design Compiler Graphical 
                                 DC Ultra (TM)
                                  DFTMAX (TM)
                              Power Compiler (TM)
                                 DesignWare (R)
                                 DC Expert (TM)
                               Design Vision (TM)
                               HDL Compiler (TM)
                               VHDL Compiler (TM)
                                  DFT Compiler
                               Design Compiler(R)

               Version R-2020.09-SP5 for linux64 - Apr 23, 2021 

                    Copyright (c) 1988 - 2021 Synopsys, Inc.
   This software and the associated documentation are proprietary to Synopsys,
 Inc. This software may only be used in accordance with the terms and conditions
 of a written license agreement with Synopsys, Inc. All other use, reproduction,
   or distribution of this software is strictly prohibited.  Licensed Products
     communicate with Synopsys servers for the purpose of providing software
    updates, detecting software piracy and verifying that customers are using
    Licensed Products in conformity with the applicable License Key for such
  Licensed Products. Synopsys will use information gathered in connection with
    this process to deliver software updates and pursue software pirates and
                                   infringers.

 Inclusivity & Diversity - Visit SolvNetPlus to read the "Synopsys Statement on
            Inclusivity and Diversity" (Refer to article 000036315 at
                        https://solvnetplus.synopsys.com)
Initializing...
read_file -format verilog src/CHIP.v
Loading db file '/usr/cad/synopsys/synthesis/cur/libraries/syn/dw_foundation.sldb'
Loading db file '/home/raid7_2/course/cvsd/CBDK_IC_Contest/CIC/SynopsysDC/db/typical.db'
Loading db file '/home/raid7_2/course/cvsd/CBDK_IC_Contest/CIC/SynopsysDC/db/slow.db'
Loading db file '/home/raid7_2/course/cvsd/CBDK_IC_Contest/CIC/SynopsysDC/db/fast.db'
Loading db file '/usr/cad/synopsys/synthesis/cur/libraries/syn/gtech.db'
Loading db file '/usr/cad/synopsys/synthesis/cur/libraries/syn/standard.sldb'
  Loading link library 'typical'
  Loading link library 'slow'
  Loading link library 'fast'
  Loading link library 'gtech'
Loading verilog file '/home/raid7_2/userb07/b7902143/final_project/src/CHIP.v'
Detecting input file type automatically (-rtl or -netlist).
Reading with Presto HDL Compiler (equivalent to -rtl option).
Running PRESTO HDLC
Compiling source file /home/raid7_2/userb07/b7902143/final_project/src/CHIP.v
Presto compilation completed successfully.
Current design is now '/home/raid7_2/userb07/b7902143/final_project/src/CHIP.db:CHIP'
Loaded 1 design.
Current design is 'CHIP'.
CHIP
read_file -format verilog src/cacheD.v
Loading verilog file '/home/raid7_2/userb07/b7902143/final_project/src/cacheD.v'
Detecting input file type automatically (-rtl or -netlist).
Reading with Presto HDL Compiler (equivalent to -rtl option).
Running PRESTO HDLC
Compiling source file /home/raid7_2/userb07/b7902143/final_project/src/cacheD.v
Warning:  /home/raid7_2/userb07/b7902143/final_project/src/cacheD.v:81: DEFAULT branch of CASE statement cannot be reached. (ELAB-311)

Statistics for case statements in always block at line 62 in file
	'/home/raid7_2/userb07/b7902143/final_project/src/cacheD.v'
===============================================
|           Line           |  full/ parallel  |
===============================================
|            81            |    auto/auto     |
===============================================

Inferred memory devices in process
	in routine cache line 175 in file
		'/home/raid7_2/userb07/b7902143/final_project/src/cacheD.v'.
===============================================================================
|    Register Name    |   Type    | Width | Bus | MB | AR | AS | SR | SS | ST |
===============================================================================
|      state_reg      | Flip-flop |   2   |  Y  | N  | N  | N  | N  | N  | N  |
|    mem_read_reg     | Flip-flop |   1   |  N  | N  | N  | N  | N  | N  | N  |
|    mem_write_reg    | Flip-flop |   1   |  N  | N  | N  | N  | N  | N  | N  |
|   cache_dirty_reg   | Flip-flop |   8   |  Y  | N  | N  | N  | N  | N  | N  |
|   cache_valid_reg   | Flip-flop |   8   |  Y  | N  | N  | N  | N  | N  | N  |
|    cache_tag_reg    | Flip-flop |  40   |  Y  | N  | N  | N  | N  | N  | N  |
|    cache_mem_reg    | Flip-flop | 1024  |  Y  | N  | N  | N  | N  | N  | N  |
===============================================================================
Statistics for MUX_OPs
======================================================
| block name/line  | Inputs | Outputs | # sel inputs |
======================================================
|     cache/96     |   8    |    5    |      3       |
|    cache/108     |   8    |    2    |      3       |
|     cache/98     |   32   |   32    |      5       |
|    cache/162     |   32   |   32    |      5       |
======================================================
Presto compilation completed successfully.
Current design is now '/home/raid7_2/userb07/b7902143/final_project/src/cache.db:cache'
Loaded 1 design.
Current design is 'cache'.
cache
read_file -format verilog src/MIPS_Pipeline.v
Loading verilog file '/home/raid7_2/userb07/b7902143/final_project/src/MIPS_Pipeline.v'
Detecting input file type automatically (-rtl or -netlist).
Opening include file /home/raid7_2/userb07/b7902143/final_project/src/Def.v
Reading with Presto HDL Compiler (equivalent to -rtl option).
Running PRESTO HDLC
Compiling source file /home/raid7_2/userb07/b7902143/final_project/src/MIPS_Pipeline.v
Opening include file /home/raid7_2/userb07/b7902143/final_project/src/Def.v

Inferred memory devices in process
	in routine MIPS_Pipeline line 503 in file
		'/home/raid7_2/userb07/b7902143/final_project/src/MIPS_Pipeline.v'.
===============================================================================
|    Register Name    |   Type    | Width | Bus | MB | AR | AS | SR | SS | ST |
===============================================================================
| WB_DataFromMem_reg  | Flip-flop |  32   |  Y  | N  | N  | N  | N  | N  | N  |
|    WB_ALURes_reg    | Flip-flop |  32   |  Y  | N  | N  | N  | N  | N  | N  |
|   ID_PCPlus4_reg    | Flip-flop |  32   |  Y  | N  | N  | N  | N  | N  | N  |
|     ID_Inst_reg     | Flip-flop |  32   |  Y  | N  | N  | N  | N  | N  | N  |
|   EX_RegWrite_reg   | Flip-flop |   1   |  N  | N  | N  | N  | N  | N  | N  |
|   EX_MemToReg_reg   | Flip-flop |   1   |  N  | N  | N  | N  | N  | N  | N  |
|   EX_MemRead_reg    | Flip-flop |   1   |  N  | N  | N  | N  | N  | N  | N  |
|   EX_MemWrite_reg   | Flip-flop |   1   |  N  | N  | N  | N  | N  | N  | N  |
|   EX_ALUSrc1_reg    | Flip-flop |   1   |  N  | N  | N  | N  | N  | N  | N  |
|   EX_ALUSrc2_reg    | Flip-flop |   1   |  N  | N  | N  | N  | N  | N  | N  |
|     EX_Beq_reg      | Flip-flop |   1   |  N  | N  | N  | N  | N  | N  | N  |
|     EX_Bne_reg      | Flip-flop |   1   |  N  | N  | N  | N  | N  | N  | N  |
|     EX_Link_reg     | Flip-flop |   1   |  N  | N  | N  | N  | N  | N  | N  |
|   EX_JumpImm_reg    | Flip-flop |   1   |  N  | N  | N  | N  | N  | N  | N  |
|   EX_JumpReg_reg    | Flip-flop |   1   |  N  | N  | N  | N  | N  | N  | N  |
|    EX_ALUCtl_reg    | Flip-flop |   6   |  Y  | N  | N  | N  | N  | N  | N  |
|   EX_PCPlus4_reg    | Flip-flop |  32   |  Y  | N  | N  | N  | N  | N  | N  |
|      EX_Rs_reg      | Flip-flop |   5   |  Y  | N  | N  | N  | N  | N  | N  |
|      EX_Rt_reg      | Flip-flop |   5   |  Y  | N  | N  | N  | N  | N  | N  |
|      EX_Rd_reg      | Flip-flop |   5   |  Y  | N  | N  | N  | N  | N  | N  |
|    EX_RsData_reg    | Flip-flop |  32   |  Y  | N  | N  | N  | N  | N  | N  |
|    EX_RtData_reg    | Flip-flop |  32   |  Y  | N  | N  | N  | N  | N  | N  |
|     EX_Imm_reg      | Flip-flop |  32   |  Y  | N  | N  | N  | N  | N  | N  |
|  MEM_RegWrite_reg   | Flip-flop |   1   |  N  | N  | N  | N  | N  | N  | N  |
|  MEM_MemToReg_reg   | Flip-flop |   1   |  N  | N  | N  | N  | N  | N  | N  |
|   MEM_MemRead_reg   | Flip-flop |   1   |  N  | N  | N  | N  | N  | N  | N  |
|  MEM_MemWrite_reg   | Flip-flop |   1   |  N  | N  | N  | N  | N  | N  | N  |
|   MEM_ALURes_reg    | Flip-flop |  32   |  Y  | N  | N  | N  | N  | N  | N  |
|     MEM_Rd_reg      | Flip-flop |   5   |  Y  | N  | N  | N  | N  | N  | N  |
|   MEM_RtData_reg    | Flip-flop |  32   |  Y  | N  | N  | N  | N  | N  | N  |
|   WB_RegWrite_reg   | Flip-flop |   1   |  N  | N  | N  | N  | N  | N  | N  |
|   WB_MemToReg_reg   | Flip-flop |   1   |  N  | N  | N  | N  | N  | N  | N  |
|      WB_Rd_reg      | Flip-flop |   5   |  Y  | N  | N  | N  | N  | N  | N  |
===============================================================================
Presto compilation completed successfully.
Current design is now '/home/raid7_2/userb07/b7902143/final_project/src/MIPS_Pipeline.db:MIPS_Pipeline'
Loaded 1 design.
Current design is 'MIPS_Pipeline'.
MIPS_Pipeline
read_file -format verilog src/PC.v
Loading verilog file '/home/raid7_2/userb07/b7902143/final_project/src/PC.v'
Detecting input file type automatically (-rtl or -netlist).
Reading with Presto HDL Compiler (equivalent to -rtl option).
Running PRESTO HDLC
Compiling source file /home/raid7_2/userb07/b7902143/final_project/src/PC.v

Inferred memory devices in process
	in routine PC line 10 in file
		'/home/raid7_2/userb07/b7902143/final_project/src/PC.v'.
===============================================================================
|    Register Name    |   Type    | Width | Bus | MB | AR | AS | SR | SS | ST |
===============================================================================
|      PC_o_reg       | Flip-flop |  32   |  Y  | N  | N  | N  | N  | N  | N  |
===============================================================================
Presto compilation completed successfully.
Current design is now '/home/raid7_2/userb07/b7902143/final_project/src/PC.db:PC'
Loaded 1 design.
Current design is 'PC'.
PC
read_file -format verilog src/Control.v
Loading verilog file '/home/raid7_2/userb07/b7902143/final_project/src/Control.v'
Detecting input file type automatically (-rtl or -netlist).
Opening include file /home/raid7_2/userb07/b7902143/final_project/src/Def.v
Reading with Presto HDL Compiler (equivalent to -rtl option).
Running PRESTO HDLC
Compiling source file /home/raid7_2/userb07/b7902143/final_project/src/Control.v
Opening include file /home/raid7_2/userb07/b7902143/final_project/src/Def.v

Statistics for case statements in always block at line 22 in file
	'/home/raid7_2/userb07/b7902143/final_project/src/Control.v'
===============================================
|           Line           |  full/ parallel  |
===============================================
|            38            |     no/auto      |
|            42            |     no/auto      |
===============================================
Presto compilation completed successfully.
Current design is now '/home/raid7_2/userb07/b7902143/final_project/src/Control.db:Control'
Loaded 1 design.
Current design is 'Control'.
Control
read_file -format verilog src/RegFile.v
Loading verilog file '/home/raid7_2/userb07/b7902143/final_project/src/RegFile.v'
Detecting input file type automatically (-rtl or -netlist).
Reading with Presto HDL Compiler (equivalent to -rtl option).
Running PRESTO HDLC
Compiling source file /home/raid7_2/userb07/b7902143/final_project/src/RegFile.v

Inferred memory devices in process
	in routine RegFile line 45 in file
		'/home/raid7_2/userb07/b7902143/final_project/src/RegFile.v'.
===============================================================================
|    Register Name    |   Type    | Width | Bus | MB | AR | AS | SR | SS | ST |
===============================================================================
|    register_reg     | Flip-flop | 1024  |  Y  | N  | N  | N  | N  | N  | N  |
===============================================================================
Statistics for MUX_OPs
======================================================
| block name/line  | Inputs | Outputs | # sel inputs |
======================================================
|    RegFile/24    |   32   |   32    |      5       |
|    RegFile/36    |   32   |   32    |      5       |
======================================================
Presto compilation completed successfully.
Current design is now '/home/raid7_2/userb07/b7902143/final_project/src/RegFile.db:RegFile'
Loaded 1 design.
Current design is 'RegFile'.
RegFile
read_file -format verilog src/Forward.v
Loading verilog file '/home/raid7_2/userb07/b7902143/final_project/src/Forward.v'
Detecting input file type automatically (-rtl or -netlist).
Opening include file /home/raid7_2/userb07/b7902143/final_project/src/Def.v
Reading with Presto HDL Compiler (equivalent to -rtl option).
Running PRESTO HDLC
Compiling source file /home/raid7_2/userb07/b7902143/final_project/src/Forward.v
Opening include file /home/raid7_2/userb07/b7902143/final_project/src/Def.v
Presto compilation completed successfully.
Current design is now '/home/raid7_2/userb07/b7902143/final_project/src/Forward.db:Forward'
Loaded 1 design.
Current design is 'Forward'.
Forward
read_file -format verilog src/HazardDetect.v
Loading verilog file '/home/raid7_2/userb07/b7902143/final_project/src/HazardDetect.v'
Detecting input file type automatically (-rtl or -netlist).
Opening include file /home/raid7_2/userb07/b7902143/final_project/src/Def.v
Reading with Presto HDL Compiler (equivalent to -rtl option).
Running PRESTO HDLC
Compiling source file /home/raid7_2/userb07/b7902143/final_project/src/HazardDetect.v
Opening include file /home/raid7_2/userb07/b7902143/final_project/src/Def.v
Presto compilation completed successfully.
Current design is now '/home/raid7_2/userb07/b7902143/final_project/src/HazardDetect.db:HazardDetect'
Loaded 1 design.
Current design is 'HazardDetect'.
HazardDetect
read_file -format verilog src/ALU.v
Loading verilog file '/home/raid7_2/userb07/b7902143/final_project/src/ALU.v'
Detecting input file type automatically (-rtl or -netlist).
Opening include file /home/raid7_2/userb07/b7902143/final_project/src/Def.v
Reading with Presto HDL Compiler (equivalent to -rtl option).
Running PRESTO HDLC
Compiling source file /home/raid7_2/userb07/b7902143/final_project/src/ALU.v
Opening include file /home/raid7_2/userb07/b7902143/final_project/src/Def.v
Warning:  /home/raid7_2/userb07/b7902143/final_project/src/ALU.v:35: signed to unsigned assignment occurs. (VER-318)

Statistics for case statements in always block at line 29 in file
	'/home/raid7_2/userb07/b7902143/final_project/src/ALU.v'
===============================================
|           Line           |  full/ parallel  |
===============================================
|            32            |     no/auto      |
===============================================
Presto compilation completed successfully.
Current design is now '/home/raid7_2/userb07/b7902143/final_project/src/ALU.db:ALU'
Loaded 1 design.
Current design is 'ALU'.
ALU
read_file -format verilog src/StallControl.v
Loading verilog file '/home/raid7_2/userb07/b7902143/final_project/src/StallControl.v'
Detecting input file type automatically (-rtl or -netlist).
Reading with Presto HDL Compiler (equivalent to -rtl option).
Running PRESTO HDLC
Compiling source file /home/raid7_2/userb07/b7902143/final_project/src/StallControl.v
Presto compilation completed successfully.
Current design is now '/home/raid7_2/userb07/b7902143/final_project/src/StallControl.db:StallControl'
Loaded 1 design.
Current design is 'StallControl'.
StallControl
current_design [get_designs CHIP]
Current design is 'CHIP'.
{CHIP}
#You may modified the clock constraints
#or add more constraints for your design
####################################################
set cycle 3
3
####################################################
#The following are design spec. for synthesis
#You can NOT modify this seciton
#####################################################
create_clock -name CLK -period $cycle [get_ports clk]
1
set_fix_hold                          [get_clocks CLK]
1
set_dont_touch_network                [get_clocks CLK]
1
set_ideal_network                     [get_ports clk]
1
set_clock_uncertainty            0.1  [get_clocks CLK]
1
set_clock_latency                0.5  [get_clocks CLK]
1
set_max_fanout 6 [all_inputs]
1
set_operating_conditions -min_library fast -min fast -max_library slow -max slow
Using operating conditions 'slow' found in library 'slow'.
Using operating conditions 'fast' found in library 'fast'.
1
set_wire_load_model -name tsmc13_wl10 -library slow
1
set_drive        1     [all_inputs]
1
set_load         1     [all_outputs]
1
set t_in   0.1
0.1
set t_out  0.1
0.1
set_input_delay  $t_in  -clock CLK [remove_from_collection [all_inputs] [get_ports clk]]
1
set_output_delay $t_out -clock CLK [all_outputs]
1
#####################################################
#Compile and save files
#You may modified setting of compile
#####################################################
compile
Warning: Setting attribute 'fix_multiple_port_nets' on design 'CHIP'. (UIO-59)
Information: Checking out the license 'DesignWare'. (SEC-104)
Information: Evaluating DesignWare library utilization. (UISN-27)

============================================================================
| DesignWare Building Block Library  |         Version         | Available |
============================================================================
| Basic DW Building Blocks           | R-2020.09-DWBB_202009.5 |     *     |
| Licensed DW Building Blocks        | R-2020.09-DWBB_202009.5 |     *     |
============================================================================


Information: There are 114 potential problems in your design. Please run 'check_design' for more information. (LINT-99)


Warning: Operating condition slow set on design CHIP has different process,
voltage and temperatures parameters than the parameters at which target library 
typical is characterized. Delays may be inaccurate as a result. (OPT-998)

  Beginning Pass 1 Mapping
  ------------------------
  Processing 'cache_0'
Information: Added key list 'DesignWare' to design 'cache_0'. (DDB-72)
  Processing 'StallControl'
  Processing 'Forward'
Information: Added key list 'DesignWare' to design 'Forward'. (DDB-72)
  Processing 'ALU'
  Processing 'RegFile'
Information: Added key list 'DesignWare' to design 'RegFile'. (DDB-72)
  Processing 'HazardDetect'
Information: Added key list 'DesignWare' to design 'HazardDetect'. (DDB-72)
  Processing 'Control'
  Processing 'PC'
Information: The register 'PC_o_reg[0]' is a constant and will be removed. (OPT-1206)
  Processing 'MIPS_Pipeline'
Information: Added key list 'DesignWare' to design 'MIPS_Pipeline'. (DDB-72)
  Processing 'CHIP'

  Updating timing information
Information: Updating design information... (UID-85)

  Beginning Implementation Selection
  ----------------------------------
  Processing 'cache_1_DW01_add_0'
  Processing 'cache_0_DW01_add_0_DW01_add_1'
  Processing 'MIPS_Pipeline_DW01_inc_0'
  Mapping 'DW_rightsh'
Information: Added key list 'DesignWare' to design 'ALU'. (DDB-72)
  Mapping 'DW_rightsh'
  Mapping 'DW_leftsh'
  Processing 'ALU_DW01_add_0_DW01_add_2'

  Beginning Mapping Optimizations  (Medium effort)
  -------------------------------
Loading db file '/home/raid7_2/course/cvsd/CBDK_IC_Contest/CIC/SynopsysDC/db/slow.db'
Loading db file '/home/raid7_2/course/cvsd/CBDK_IC_Contest/CIC/SynopsysDC/db/fast.db'
  Mapping Optimization (Phase 1)
  Mapping Optimization (Phase 2)
  Mapping Optimization (Phase 3)
  Mapping Optimization (Phase 4)

                                  TOTAL                                                  
   ELAPSED            WORST NEG   SETUP    DESIGN                              MIN DELAY 
    TIME      AREA      SLACK     COST    RULE COST         ENDPOINT             COST    
  --------- --------- --------- --------- --------- ------------------------- -----------
    0:00:27  413717.5      7.72   13978.2  342432.9                                0.00  
    0:00:27  413717.5      7.72   13978.2  342432.9                                0.00  
    0:00:39  475552.1      0.22     235.6  121841.9                                0.00  
    0:00:40  474823.9      0.23     235.6  121841.9                                0.00  
    0:00:40  474823.9      0.23     235.6  121841.9                                0.00  
    0:00:40  474783.2      0.23     235.5  121981.2                                0.00  
    0:00:40  474783.2      0.23     235.5  121981.2                                0.00  
    0:00:48  234811.5      3.56    6825.0  120582.0                                0.00  
    0:00:52  235402.2      2.64    4110.8  120550.0                                0.00  
    0:00:54  234719.9      2.61    3723.0  120550.0                                0.00  
    0:00:55  234984.7      2.25    4067.1  120550.0                                0.00  
    0:00:55  234797.9      2.22    3743.0  120550.0                                0.00  
    0:00:56  235117.1      1.91    3742.1  120550.0                                0.00  
    0:00:57  234803.0      1.91    3628.0  120549.9                                0.00  
    0:00:57  235125.5      2.56    3788.1  120549.9                                0.00  
    0:00:58  234891.3      2.00    3640.6  120549.9                                0.00  
    0:00:59  235128.9      1.86    3629.8  120549.9                                0.00  
    0:00:59  235173.1      1.80    3600.6  120549.9                                0.00  
    0:00:59  235307.2      1.76    3444.6  120549.9                                0.00  
    0:00:59  235427.7      1.75    3441.9  120549.9                                0.00  
    0:00:59  235424.3      1.71    3407.9  120549.9                                0.00  
    0:00:59  235595.7      1.65    3405.0  120549.9                                0.00  
    0:01:00  235594.0      1.63    3353.5  120549.9                                0.00  
    0:01:00  235687.4      1.61    3351.1  120549.9                                0.00  
    0:01:00  235826.6      1.60    3171.7  120549.9                                0.00  
    0:01:00  235855.4      1.59    3169.9  120549.9                                0.00  
    0:01:00  235855.4      1.59    3169.9  120549.9                                0.00  
    0:01:00  235855.4      1.59    3169.9  120549.9                                0.00  
    0:01:01  237342.3      1.67    2729.8   78125.6                                0.00  
    0:01:01  237692.0      1.67    2590.0   65087.7                                0.00  
    0:01:01  237961.9      1.67    2579.0   54330.6                                0.00  
    0:01:02  238119.8      1.67    2569.9   46713.1                                0.00  
    0:01:02  238242.0      1.67    2565.0   39765.7                                0.00  
    0:01:02  238350.6      1.67    2559.6   34189.0                                0.00  
    0:01:02  238445.7      1.67    2554.6   29299.4                                0.00  
    0:01:02  238562.8      1.67    2548.9   23906.5                                0.00  
    0:01:02  238662.9      1.67    2543.3   19196.7                                0.00  
    0:01:02  238662.9      1.67    2543.3   19196.7                                0.00  
    0:01:03  239353.8      1.37    2395.1   19196.7 i_MIPS/PC_U/PC_o_reg[18]/D      0.00  
    0:01:03  239807.0      1.28    2083.3   19196.7 i_MIPS/PC_U/PC_o_reg[19]/D      0.00  
    0:01:04  240200.8      1.19    2010.8   19203.6 i_MIPS/PC_U/PC_o_reg[25]/D      0.00  
    0:01:04  240648.9      1.13    1985.4   19214.8 i_MIPS/EX_Imm_reg[29]/D        0.00  
    0:01:04  241017.2      1.06    1955.0   19223.4 i_MIPS/PC_U/PC_o_reg[14]/D      0.00  
    0:01:05  244330.5      0.80    1449.6   19323.2 i_MIPS/PC_U/PC_o_reg[3]/D      0.00  
    0:01:06  245921.0      0.67    1011.0   19218.5 i_MIPS/EX_PCPlus4_reg[1]/D      0.00  
    0:01:07  246705.2      0.61     991.0   16328.6 i_MIPS/PC_U/PC_o_reg[11]/D      0.00  
    0:01:07  247720.3      0.55     967.5   13434.7 i_MIPS/PC_U/PC_o_reg[12]/E      0.00  
    0:01:08  248820.2      0.48     865.5    9351.3 i_MIPS/PC_U/PC_o_reg[28]/D      0.00  
    0:01:09  249891.2      0.40     738.8    9704.1 i_MIPS/PC_U/PC_o_reg[23]/D      0.00  
    0:01:09  250987.7      0.34     447.7    9511.6 i_MIPS/PC_U/PC_o_reg[31]/D      0.00  
    0:01:10  251517.3      0.30     436.6    9512.4 i_MIPS/PC_U/PC_o_reg[28]/D      0.00  
    0:01:10  251777.0      0.28     422.1    9188.8 i_MIPS/PC_U/PC_o_reg[20]/D      0.00  
    0:01:10  252245.5      0.26     377.0    8894.6 i_MIPS/PC_U/PC_o_reg[6]/D      0.00  
    0:01:12  252659.7      0.25     372.6    8894.6                                0.00  
    0:01:12  252785.3      0.24     361.0    8894.9                                0.00  
    0:01:12  252922.8      0.23     352.2    8901.0                                0.00  
    0:01:12  253007.7      0.22     344.2    8901.0                                0.00  
    0:01:13  253264.0      0.20     335.0    8574.4                                0.00  
    0:01:13  254022.7      0.20     321.6    8574.4                                0.00  
    0:01:13  254296.0      0.19     302.6    7268.0                                0.00  
    0:01:13  254457.2      0.19     300.3    7268.0                                0.00  
    0:01:13  254939.3      0.18     286.2    7274.6                                0.00  
    0:01:14  255185.4      0.17     281.4    6948.0                                0.00  
    0:01:14  255265.2      0.17     259.1    6929.3                                0.00  
    0:01:14  255382.3      0.17     247.3    6931.5                                0.00  
    0:01:14  256047.7      0.16     161.3    6605.7                                0.00  
    0:01:14  256236.1      0.15     155.0    5976.2                                0.00  
    0:01:14  256426.2      0.15     151.8    5976.2                                0.00  
    0:01:15  256545.0      0.14     136.7    5977.1                                0.00  
    0:01:15  256730.1      0.14     135.9    5977.1                                0.00  
    0:01:15  256808.1      0.13     134.8    5953.4                                0.00  
    0:01:15  256918.5      0.12     132.5    5953.4                                0.00  
    0:01:15  256910.0      0.12     132.0    5960.9                                0.00  
    0:01:16  257125.5      0.11     126.4    5962.4                                0.00  
    0:01:16  257241.0      0.11     123.3    5947.7                                0.00  
    0:01:16  257845.2      0.11     118.2    5947.7                                0.00  
    0:01:16  257989.5      0.11     104.6    5947.7                                0.00  
    0:01:16  257984.4      0.10     102.4    5947.7                                0.00  
    0:01:16  257986.1      0.10     101.4    5947.7                                0.00  



  Beginning Delay Optimization Phase
  ----------------------------------

                                  TOTAL                                                  
   ELAPSED            WORST NEG   SETUP    DESIGN                              MIN DELAY 
    TIME      AREA      SLACK     COST    RULE COST         ENDPOINT             COST    
  --------- --------- --------- --------- --------- ------------------------- -----------
    0:01:16  257986.1      0.10     101.4    5947.7                                0.00  
    0:01:16  258047.2      0.09      86.5    5947.7 i_MIPS/PC_U/PC_o_reg[26]/D      0.00  
    0:01:17  258135.5      0.09      74.2    5953.1 i_MIPS/PC_U/PC_o_reg[26]/D      0.00  
    0:01:17  258227.2      0.08      63.6    5627.1 i_MIPS/PC_U/PC_o_reg[28]/D      0.00  
    0:01:17  258284.9      0.07      55.2    5627.1 i_MIPS/PC_U/PC_o_reg[26]/D      0.00  
    0:01:17  258381.6      0.07      49.8    5631.5 i_MIPS/PC_U/PC_o_reg[26]/D      0.00  
    0:01:17  258430.8      0.07      40.6    5310.4 i_MIPS/PC_U/PC_o_reg[19]/D      0.00  
    0:01:18  258458.0      0.05      39.4    5308.7 i_MIPS/PC_U/PC_o_reg[26]/D      0.00  
    0:01:18  258396.9      0.05      38.8    5308.7 i_MIPS/EX_Rs_reg[3]/D          0.00  
    0:01:18  258446.1      0.05      34.6    5308.7 i_MIPS/PC_U/PC_o_reg[19]/D      0.00  
    0:01:18  258541.2      0.04      33.3    4785.2 i_MIPS/PC_U/PC_o_reg[21]/D      0.00  
    0:01:18  258534.4      0.04      33.1    4785.2 i_MIPS/PC_U/PC_o_reg[26]/D      0.00  
    0:01:18  258532.7      0.04      25.8    5655.2 i_MIPS/PC_U/PC_o_reg[26]/D      0.00  
    0:01:19  258663.4      0.03      23.7    5655.2 i_MIPS/EX_RtData_reg[3]/D      0.00  
    0:01:19  258619.3      0.02       5.3    5152.0 i_MIPS/PC_U/PC_o_reg[26]/D      0.00  
    0:01:19  258661.7      0.02       2.3    5152.0 i_MIPS/PC_U/PC_o_reg[10]/D      0.00  
    0:01:19  258568.3      0.01       0.4    5133.3 i_MIPS/PC_U/PC_o_reg[11]/D      0.00  
    0:01:19  258497.0      0.01       0.2    5172.7 i_MIPS/PC_U/PC_o_reg[26]/D      0.00  
    0:01:19  258493.7      0.01       0.1    5172.7 i_MIPS/PC_U/PC_o_reg[26]/D      0.00  
    0:01:20  258452.9      0.00       0.0    5133.3                                0.00  
    0:01:21  257960.7      0.00       0.0    5135.2                                0.00  


  Beginning Design Rule Fixing  (max_transition)  (max_capacitance)
  ----------------------------

                                  TOTAL                                                  
   ELAPSED            WORST NEG   SETUP    DESIGN                              MIN DELAY 
    TIME      AREA      SLACK     COST    RULE COST         ENDPOINT             COST    
  --------- --------- --------- --------- --------- ------------------------- -----------
    0:01:21  257960.7      0.00       0.0    5135.2                                0.00  
    0:01:23  258013.3      0.00       0.0     908.2 i_MIPS/add_202/SUM[27]         0.00  
    0:01:24  258023.5      0.00       0.0      38.2 net60398                       0.00  
    0:01:24  257970.9      0.00       0.0       0.0                                0.00  


  Beginning Area-Recovery Phase  (cleanup)
  -----------------------------

                                  TOTAL                                                  
   ELAPSED            WORST NEG   SETUP    DESIGN                              MIN DELAY 
    TIME      AREA      SLACK     COST    RULE COST         ENDPOINT             COST    
  --------- --------- --------- --------- --------- ------------------------- -----------
    0:01:24  257970.9      0.00       0.0       0.0                                0.00  
    0:01:24  257970.9      0.00       0.0       0.0                                0.00  
    0:01:26  252408.5      0.21      34.1       0.0                                0.00  
    0:01:27  249714.7      0.14       9.7       0.0                                0.00  
    0:01:28  247851.0      0.12       8.7       0.0                                0.00  
    0:01:29  246837.6      0.12      14.6       0.0                                0.00  
    0:01:29  246224.8      0.10      15.4       0.0                                0.00  
    0:01:30  245790.3      0.10       6.9       0.0                                0.00  
    0:01:30  245489.9      0.10       7.2       0.0                                0.00  
    0:01:30  245186.0      0.10       4.6       0.0                                0.00  
    0:01:31  245001.0      0.10       4.5       0.0                                0.00  
    0:01:31  245001.0      0.10       4.5       0.0                                0.00  
    0:01:31  245051.9      0.02       1.1       0.0                                0.00  
    0:01:31  245147.0      0.02       0.9       0.0                                0.00  
    0:01:31  245145.3      0.01       0.6       0.0                                0.00  
    0:01:31  245111.3      0.01       0.5       0.0                                0.00  
    0:01:32  245065.5      0.00       0.3       0.0                                0.00  
    0:01:32  245011.2      0.00       0.0       0.0                                0.00  
    0:01:32  244992.5      0.00       0.0       0.0                                0.00  
    0:01:33  236395.2      0.90     524.0       0.0                                0.00  
    0:01:34  235419.2      0.90     519.7       0.0                                0.00  
    0:01:34  235113.7      0.90     520.5       0.0                                0.00  
    0:01:34  235084.8      0.90     520.5       0.0                                0.00  
    0:01:34  235084.8      0.90     520.5       0.0                                0.00  
    0:01:34  235084.8      0.90     520.5       0.0                                0.00  
    0:01:34  235084.8      0.90     520.5       0.0                                0.00  
    0:01:34  235084.8      0.90     520.5       0.0                                0.00  
    0:01:35  235531.2      0.27     199.0       0.0 i_MIPS/MEM_ALURes_reg[4]/D      0.00  
    0:01:35  235843.5      0.20     175.5       0.0 i_MIPS/RegFile_U/register_reg[21][2]/D      0.00  
    0:01:36  236098.2      0.15     153.8       0.0 i_MIPS/PC_U/PC_o_reg[30]/D      0.00  
    0:01:36  236402.0      0.13     130.8       0.0 i_MIPS/MEM_ALURes_reg[11]/D      0.00  
    0:01:37  236593.8      0.11      99.6       0.0 i_MIPS/PC_U/PC_o_reg[2]/D      0.00  
    0:01:37  236811.1      0.10      72.6       0.0 i_MIPS/RegFile_U/register_reg[25][27]/D      0.00  
    0:01:38  236919.7      0.08      36.7       0.0 i_MIPS/RegFile_U/register_reg[28][31]/D      0.00  
    0:01:39  238292.9      0.05      14.3       0.0 i_MIPS/PC_U/PC_o_reg[17]/D      0.00  
    0:01:40  238654.4      0.02       2.4       0.0 i_MIPS/PC_U/PC_o_reg[25]/D      0.00  
    0:01:40  238681.6      0.01       2.2       0.0                                0.00  
    0:01:40  238780.0      0.00       0.1       0.0                                0.00  
    0:01:40  238781.7      0.00       0.0       0.0                                0.00  
Loading db file '/home/raid7_2/course/cvsd/CBDK_IC_Contest/CIC/SynopsysDC/db/typical.db'


Note: Symbol # after min delay cost means estimated hold TNS across all active scenarios 


  Optimization Complete
  ---------------------
Warning: Design 'CHIP' contains 1 high-fanout nets. A fanout number of 1000 will be used for delay calculations involving these nets. (TIM-134)
     Net 'I_cache/clk': 3591 load(s), 1 driver(s)
1
write_sdf -version 2.1 CHIP_syn.sdf
Information: Annotated 'cell' delays are assumed to include load delay. (UID-282)
Information: Writing timing information to file '/home/raid7_2/userb07/b7902143/final_project/CHIP_syn.sdf'. (WT-3)
Information: Updating design information... (UID-85)
Warning: Design 'CHIP' contains 1 high-fanout nets. A fanout number of 1000 will be used for delay calculations involving these nets. (TIM-134)
1
write -format verilog -hier -output CHIP_syn.v
Writing verilog file '/home/raid7_2/userb07/b7902143/final_project/CHIP_syn.v'.
Warning: Verilog 'assign' or 'tran' statements are written out. (VO-4)
Warning: Verilog writer has added 3 nets to module MIPS_Pipeline using SYNOPSYS_UNCONNECTED_ as prefix.  Please use the change_names command to make the correct changes before invoking the verilog writer.  (VO-11)
1
write -format ddc     -hier -output CHIP_syn.ddc
Writing ddc file 'CHIP_syn.ddc'.
1
#####################################################
check_design
 
****************************************
check_design summary:
Version:     R-2020.09-SP5
Date:        Sat Jun 19 23:37:49 2021
****************************************

                   Name                                            Total
--------------------------------------------------------------------------------
Inputs/Outputs                                                     43
    Unloaded inputs (LINT-8)                                        2
    Unconnected ports (LINT-28)                                     3
    Constant outputs (LINT-52)                                     38

Cells                                                              36
    Connected to power or ground (LINT-32)                         34
    Nets connected to multiple pins on same cell (LINT-33)          2

Nets                                                                2
    Unloaded nets (LINT-2)                                          2
--------------------------------------------------------------------------------

Warning: In design 'CHIP', net 'i_MIPS/ALU/add_1_root_add_27_2/A[31]' driven by pin 'i_MIPS/ALU/add_1_root_add_27_2/A[31]' has no loads. (LINT-2)
Warning: In design 'CHIP', net 'i_MIPS/ALU/add_1_root_add_27_2/B[31]' driven by pin 'i_MIPS/ALU/add_1_root_add_27_2/B[31]' has no loads. (LINT-2)
Warning: In design 'ALU_DW01_add_5', input port 'A[31]' is unloaded. (LINT-8)
Warning: In design 'ALU_DW01_add_5', input port 'B[31]' is unloaded. (LINT-8)
Warning: In design 'PC', port 'PC_i[0]' is not connected to any nets. (LINT-28)
Warning: In design 'MIPS_Pipeline_DW01_inc_1', port 'SUM[0]' is not connected to any nets. (LINT-28)
Warning: In design 'ALU_DW01_add_5', port 'CO' is not connected to any nets. (LINT-28)
Warning: In design 'CHIP', a pin on submodule 'I_cache' is connected to logic 1 or logic 0. (LINT-32)
   Pin 'proc_read' is connected to logic 1. 
Warning: In design 'CHIP', a pin on submodule 'I_cache' is connected to logic 1 or logic 0. (LINT-32)
   Pin 'proc_write' is connected to logic 0. 
Warning: In design 'CHIP', a pin on submodule 'I_cache' is connected to logic 1 or logic 0. (LINT-32)
   Pin 'proc_wdata[31]' is connected to logic 0. 
Warning: In design 'CHIP', a pin on submodule 'I_cache' is connected to logic 1 or logic 0. (LINT-32)
   Pin 'proc_wdata[30]' is connected to logic 0. 
Warning: In design 'CHIP', a pin on submodule 'I_cache' is connected to logic 1 or logic 0. (LINT-32)
   Pin 'proc_wdata[29]' is connected to logic 0. 
Warning: In design 'CHIP', a pin on submodule 'I_cache' is connected to logic 1 or logic 0. (LINT-32)
   Pin 'proc_wdata[28]' is connected to logic 0. 
Warning: In design 'CHIP', a pin on submodule 'I_cache' is connected to logic 1 or logic 0. (LINT-32)
   Pin 'proc_wdata[27]' is connected to logic 0. 
Warning: In design 'CHIP', a pin on submodule 'I_cache' is connected to logic 1 or logic 0. (LINT-32)
   Pin 'proc_wdata[26]' is connected to logic 0. 
Warning: In design 'CHIP', a pin on submodule 'I_cache' is connected to logic 1 or logic 0. (LINT-32)
   Pin 'proc_wdata[25]' is connected to logic 0. 
Warning: In design 'CHIP', a pin on submodule 'I_cache' is connected to logic 1 or logic 0. (LINT-32)
   Pin 'proc_wdata[24]' is connected to logic 0. 
Warning: In design 'CHIP', a pin on submodule 'I_cache' is connected to logic 1 or logic 0. (LINT-32)
   Pin 'proc_wdata[23]' is connected to logic 0. 
Warning: In design 'CHIP', a pin on submodule 'I_cache' is connected to logic 1 or logic 0. (LINT-32)
   Pin 'proc_wdata[22]' is connected to logic 0. 
Warning: In design 'CHIP', a pin on submodule 'I_cache' is connected to logic 1 or logic 0. (LINT-32)
   Pin 'proc_wdata[21]' is connected to logic 0. 
Warning: In design 'CHIP', a pin on submodule 'I_cache' is connected to logic 1 or logic 0. (LINT-32)
   Pin 'proc_wdata[20]' is connected to logic 0. 
Warning: In design 'CHIP', a pin on submodule 'I_cache' is connected to logic 1 or logic 0. (LINT-32)
   Pin 'proc_wdata[19]' is connected to logic 0. 
Warning: In design 'CHIP', a pin on submodule 'I_cache' is connected to logic 1 or logic 0. (LINT-32)
   Pin 'proc_wdata[18]' is connected to logic 0. 
Warning: In design 'CHIP', a pin on submodule 'I_cache' is connected to logic 1 or logic 0. (LINT-32)
   Pin 'proc_wdata[17]' is connected to logic 0. 
Warning: In design 'CHIP', a pin on submodule 'I_cache' is connected to logic 1 or logic 0. (LINT-32)
   Pin 'proc_wdata[16]' is connected to logic 0. 
Warning: In design 'CHIP', a pin on submodule 'I_cache' is connected to logic 1 or logic 0. (LINT-32)
   Pin 'proc_wdata[15]' is connected to logic 0. 
Warning: In design 'CHIP', a pin on submodule 'I_cache' is connected to logic 1 or logic 0. (LINT-32)
   Pin 'proc_wdata[14]' is connected to logic 0. 
Warning: In design 'CHIP', a pin on submodule 'I_cache' is connected to logic 1 or logic 0. (LINT-32)
   Pin 'proc_wdata[13]' is connected to logic 0. 
Warning: In design 'CHIP', a pin on submodule 'I_cache' is connected to logic 1 or logic 0. (LINT-32)
   Pin 'proc_wdata[12]' is connected to logic 0. 
Warning: In design 'CHIP', a pin on submodule 'I_cache' is connected to logic 1 or logic 0. (LINT-32)
   Pin 'proc_wdata[11]' is connected to logic 0. 
Warning: In design 'CHIP', a pin on submodule 'I_cache' is connected to logic 1 or logic 0. (LINT-32)
   Pin 'proc_wdata[10]' is connected to logic 0. 
Warning: In design 'CHIP', a pin on submodule 'I_cache' is connected to logic 1 or logic 0. (LINT-32)
   Pin 'proc_wdata[9]' is connected to logic 0. 
Warning: In design 'CHIP', a pin on submodule 'I_cache' is connected to logic 1 or logic 0. (LINT-32)
   Pin 'proc_wdata[8]' is connected to logic 0. 
Warning: In design 'CHIP', a pin on submodule 'I_cache' is connected to logic 1 or logic 0. (LINT-32)
   Pin 'proc_wdata[7]' is connected to logic 0. 
Warning: In design 'CHIP', a pin on submodule 'I_cache' is connected to logic 1 or logic 0. (LINT-32)
   Pin 'proc_wdata[6]' is connected to logic 0. 
Warning: In design 'CHIP', a pin on submodule 'I_cache' is connected to logic 1 or logic 0. (LINT-32)
   Pin 'proc_wdata[5]' is connected to logic 0. 
Warning: In design 'CHIP', a pin on submodule 'I_cache' is connected to logic 1 or logic 0. (LINT-32)
   Pin 'proc_wdata[4]' is connected to logic 0. 
Warning: In design 'CHIP', a pin on submodule 'I_cache' is connected to logic 1 or logic 0. (LINT-32)
   Pin 'proc_wdata[3]' is connected to logic 0. 
Warning: In design 'CHIP', a pin on submodule 'I_cache' is connected to logic 1 or logic 0. (LINT-32)
   Pin 'proc_wdata[2]' is connected to logic 0. 
Warning: In design 'CHIP', a pin on submodule 'I_cache' is connected to logic 1 or logic 0. (LINT-32)
   Pin 'proc_wdata[1]' is connected to logic 0. 
Warning: In design 'CHIP', a pin on submodule 'I_cache' is connected to logic 1 or logic 0. (LINT-32)
   Pin 'proc_wdata[0]' is connected to logic 0. 
Warning: In design 'ALU', the same net is connected to more than one pin on submodule 'add_1_root_add_27_2'. (LINT-33)
   Net 'Op1_i[31]' is connected to pins 'A[32]', 'A[31]''.
Warning: In design 'ALU', the same net is connected to more than one pin on submodule 'add_1_root_add_27_2'. (LINT-33)
   Net 'n195' is connected to pins 'B[32]', 'B[31]''.
Warning: In design 'MIPS_Pipeline', output port 'ICACHE_ren' is connected directly to 'logic 1'. (LINT-52)
Warning: In design 'MIPS_Pipeline', output port 'ICACHE_wen' is connected directly to 'logic 0'. (LINT-52)
Warning: In design 'MIPS_Pipeline', output port 'ICACHE_wdata[31]' is connected directly to 'logic 0'. (LINT-52)
Warning: In design 'MIPS_Pipeline', output port 'ICACHE_wdata[30]' is connected directly to 'logic 0'. (LINT-52)
Warning: In design 'MIPS_Pipeline', output port 'ICACHE_wdata[29]' is connected directly to 'logic 0'. (LINT-52)
Warning: In design 'MIPS_Pipeline', output port 'ICACHE_wdata[28]' is connected directly to 'logic 0'. (LINT-52)
Warning: In design 'MIPS_Pipeline', output port 'ICACHE_wdata[27]' is connected directly to 'logic 0'. (LINT-52)
Warning: In design 'MIPS_Pipeline', output port 'ICACHE_wdata[26]' is connected directly to 'logic 0'. (LINT-52)
Warning: In design 'MIPS_Pipeline', output port 'ICACHE_wdata[25]' is connected directly to 'logic 0'. (LINT-52)
Warning: In design 'MIPS_Pipeline', output port 'ICACHE_wdata[24]' is connected directly to 'logic 0'. (LINT-52)
Warning: In design 'MIPS_Pipeline', output port 'ICACHE_wdata[23]' is connected directly to 'logic 0'. (LINT-52)
Warning: In design 'MIPS_Pipeline', output port 'ICACHE_wdata[22]' is connected directly to 'logic 0'. (LINT-52)
Warning: In design 'MIPS_Pipeline', output port 'ICACHE_wdata[21]' is connected directly to 'logic 0'. (LINT-52)
Warning: In design 'MIPS_Pipeline', output port 'ICACHE_wdata[20]' is connected directly to 'logic 0'. (LINT-52)
Warning: In design 'MIPS_Pipeline', output port 'ICACHE_wdata[19]' is connected directly to 'logic 0'. (LINT-52)
Warning: In design 'MIPS_Pipeline', output port 'ICACHE_wdata[18]' is connected directly to 'logic 0'. (LINT-52)
Warning: In design 'MIPS_Pipeline', output port 'ICACHE_wdata[17]' is connected directly to 'logic 0'. (LINT-52)
Warning: In design 'MIPS_Pipeline', output port 'ICACHE_wdata[16]' is connected directly to 'logic 0'. (LINT-52)
Warning: In design 'MIPS_Pipeline', output port 'ICACHE_wdata[15]' is connected directly to 'logic 0'. (LINT-52)
Warning: In design 'MIPS_Pipeline', output port 'ICACHE_wdata[14]' is connected directly to 'logic 0'. (LINT-52)
Warning: In design 'MIPS_Pipeline', output port 'ICACHE_wdata[13]' is connected directly to 'logic 0'. (LINT-52)
Warning: In design 'MIPS_Pipeline', output port 'ICACHE_wdata[12]' is connected directly to 'logic 0'. (LINT-52)
Warning: In design 'MIPS_Pipeline', output port 'ICACHE_wdata[11]' is connected directly to 'logic 0'. (LINT-52)
Warning: In design 'MIPS_Pipeline', output port 'ICACHE_wdata[10]' is connected directly to 'logic 0'. (LINT-52)
Warning: In design 'MIPS_Pipeline', output port 'ICACHE_wdata[9]' is connected directly to 'logic 0'. (LINT-52)
Warning: In design 'MIPS_Pipeline', output port 'ICACHE_wdata[8]' is connected directly to 'logic 0'. (LINT-52)
Warning: In design 'MIPS_Pipeline', output port 'ICACHE_wdata[7]' is connected directly to 'logic 0'. (LINT-52)
Warning: In design 'MIPS_Pipeline', output port 'ICACHE_wdata[6]' is connected directly to 'logic 0'. (LINT-52)
Warning: In design 'MIPS_Pipeline', output port 'ICACHE_wdata[5]' is connected directly to 'logic 0'. (LINT-52)
Warning: In design 'MIPS_Pipeline', output port 'ICACHE_wdata[4]' is connected directly to 'logic 0'. (LINT-52)
Warning: In design 'MIPS_Pipeline', output port 'ICACHE_wdata[3]' is connected directly to 'logic 0'. (LINT-52)
Warning: In design 'MIPS_Pipeline', output port 'ICACHE_wdata[2]' is connected directly to 'logic 0'. (LINT-52)
Warning: In design 'MIPS_Pipeline', output port 'ICACHE_wdata[1]' is connected directly to 'logic 0'. (LINT-52)
Warning: In design 'MIPS_Pipeline', output port 'ICACHE_wdata[0]' is connected directly to 'logic 0'. (LINT-52)
Warning: In design 'PC', output port 'PC_o[0]' is connected directly to 'logic 0'. (LINT-52)
Warning: In design 'Control', output port 'ALUCtl_o[4]' is connected directly to 'logic 0'. (LINT-52)
Warning: In design 'StallControl', output port 'FlushMEM_o' is connected directly to 'logic 0'. (LINT-52)
Warning: In design 'StallControl', output port 'FlushWB_o' is connected directly to 'logic 0'. (LINT-52)
1
report_timing
 
****************************************
Report : timing
        -path full
        -delay max
        -max_paths 1
Design : CHIP
Version: R-2020.09-SP5
Date   : Sat Jun 19 23:37:49 2021
****************************************

 # A fanout number of 1000 was used for high fanout net computations.

Operating Conditions: slow   Library: slow
Wire Load Model Mode: top

  Startpoint: i_MIPS/ID_Inst_reg[23]
              (rising edge-triggered flip-flop clocked by CLK)
  Endpoint: i_MIPS/EX_RsData_reg[19]
            (rising edge-triggered flip-flop clocked by CLK)
  Path Group: CLK
  Path Type: max

  Des/Clust/Port     Wire Load Model       Library
  ------------------------------------------------
  CHIP               tsmc13_wl10           slow

  Point                                                   Incr       Path
  --------------------------------------------------------------------------
  clock CLK (rise edge)                                   0.00       0.00
  clock network delay (ideal)                             0.50       0.50
  i_MIPS/ID_Inst_reg[23]/CK (DFFHQX8)                     0.00 #     0.50 r
  i_MIPS/ID_Inst_reg[23]/Q (DFFHQX8)                      0.18       0.68 r
  i_MIPS/RegFile_U/RS1addr_i[2] (RegFile)                 0.00       0.68 r
  i_MIPS/RegFile_U/U102/Y (INVX1)                         0.12       0.80 f
  i_MIPS/RegFile_U/U153/Y (NOR2X2)                        0.24       1.05 r
  i_MIPS/RegFile_U/U116/Y (NAND2X1)                       0.20       1.25 f
  i_MIPS/RegFile_U/U117/Y (BUFX2)                         0.34       1.59 f
  i_MIPS/RegFile_U/U394/Y (CLKBUFX3)                      0.46       2.05 f
  i_MIPS/RegFile_U/U2051/Y (OAI22XL)                      0.35       2.40 r
  i_MIPS/RegFile_U/U2053/Y (NOR4X1)                       0.15       2.55 f
  i_MIPS/RegFile_U/U2054/Y (AO22X1)                       0.27       2.83 f
  i_MIPS/RegFile_U/U619/Y (OAI2BB2XL)                     0.19       3.02 f
  i_MIPS/RegFile_U/RS1data_o[19] (RegFile)                0.00       3.02 f
  i_MIPS/U1162/Y (AO22X1)                                 0.23       3.25 f
  i_MIPS/EX_RsData_reg[19]/D (DFFXL)                      0.00       3.25 f
  data arrival time                                                  3.25

  clock CLK (rise edge)                                   3.00       3.00
  clock network delay (ideal)                             0.50       3.50
  clock uncertainty                                      -0.10       3.40
  i_MIPS/EX_RsData_reg[19]/CK (DFFXL)                     0.00       3.40 r
  library setup time                                     -0.15       3.25
  data required time                                                 3.25
  --------------------------------------------------------------------------
  data required time                                                 3.25
  data arrival time                                                 -3.25
  --------------------------------------------------------------------------
  slack (MET)                                                        0.00


1
report_area -hierarchy
 
****************************************
Report : area
Design : CHIP
Version: R-2020.09-SP5
Date   : Sat Jun 19 23:37:49 2021
****************************************

Library(s) Used:

    typical (File: /home/raid7_2/course/cvsd/CBDK_IC_Contest/CIC/SynopsysDC/db/typical.db)

Number of ports:                         2177
Number of nets:                         21033
Number of cells:                        17703
Number of combinational cells:          14016
Number of sequential cells:              3591
Number of macros/black boxes:               0
Number of buf/inv:                       3035
Number of references:                       7

Combinational area:             142612.153288
Buf/Inv area:                    25479.671450
Noncombinational area:           96169.591986
Macro/Black Box area:                0.000000
Net Interconnect area:         2499386.078491

Total cell area:                238781.745274
Total area:                    2738167.823765

Hierarchical area distribution
------------------------------

                                  Global cell area              Local cell area
                                  --------------------  ------------------------------- 
Hierarchical cell                 Absolute     Percent  Combi-       Noncombi-   Black-
                                  Total        Total    national     national    boxes   Design
--------------------------------  -----------  -------  -----------  ----------  ------  ------------------------
CHIP                              238781.7453    100.0    3298.0484      0.0000  0.0000  CHIP
D_cache                            65331.2285     27.4   36322.6626  29008.5658  0.0000  cache_0
I_cache                            65716.5382     27.5   36769.0788  28947.4594  0.0000  cache_1
i_MIPS                            104435.9302     43.7   16856.8792  10841.2939  0.0000  MIPS_Pipeline
i_MIPS/ALU                         19672.8660      8.2   15454.8270      0.0000  0.0000  ALU
i_MIPS/ALU/add_1_root_add_27_2      4218.0390      1.8    4218.0390      0.0000  0.0000  ALU_DW01_add_5
i_MIPS/Control_U                     534.6810      0.2     534.6810      0.0000  0.0000  Control
i_MIPS/Forward_U                    1118.5866      0.5    1118.5866      0.0000  0.0000  Forward
i_MIPS/HazardDetect_U                171.4374      0.1     171.4374      0.0000  0.0000  HazardDetect
i_MIPS/PC_U                         1335.8538      0.6      35.6454   1300.2084  0.0000  PC
i_MIPS/RegFile_U                   53001.3155     22.2   26929.2511  26072.0645  0.0000  RegFile
i_MIPS/StallControl_U                193.5036      0.1     193.5036      0.0000  0.0000  StallControl
i_MIPS/add_202                       709.5132      0.3     709.5132      0.0000  0.0000  MIPS_Pipeline_DW01_inc_1
--------------------------------  -----------  -------  -----------  ----------  ------  ------------------------
Total                                                   142612.1533  96169.5920  0.0000

1
quit

Memory usage for this session 332 Mbytes.
Memory usage for this session including child processes 332 Mbytes.
CPU usage for this session 108 seconds ( 0.03 hours ).
Elapsed time for this session 112 seconds ( 0.03 hours ).

Thank you...
